2022-03-22 19:16:18,170 [Worker-4: Loading available Gradle versions] INFO  o.e.b.c.i.u.g.PublishedGradleVersions - Gradle version information cache is not available. Remote download required.
2022-03-22 19:58:25,769 [Worker-4: Loading available Gradle versions] INFO  o.e.b.c.i.u.g.PublishedGradleVersions - Gradle version information cache is up-to-date. Trying to read.
2022-03-22 22:27:13,039 [Worker-2: Loading available Gradle versions] INFO  o.e.b.c.i.u.g.PublishedGradleVersions - Gradle version information cache is up-to-date. Trying to read.
2022-03-22 23:46:34,558 [Worker-3: Loading available Gradle versions] INFO  o.e.b.c.i.u.g.PublishedGradleVersions - Gradle version information cache is up-to-date. Trying to read.
2022-03-23 07:33:19,061 [Worker-3: Loading available Gradle versions] INFO  o.e.b.c.i.u.g.PublishedGradleVersions - Gradle version information cache is up-to-date. Trying to read.
2022-03-23 07:35:01,177 [Worker-4: Loading available Gradle versions] INFO  o.e.b.c.i.u.g.PublishedGradleVersions - Gradle version information cache is up-to-date. Trying to read.
2022-03-23 07:37:32,411 [Worker-4: Loading available Gradle versions] INFO  o.e.b.c.i.u.g.PublishedGradleVersions - Gradle version information cache is up-to-date. Trying to read.
2022-03-23 09:07:52,500 [Worker-3: Loading available Gradle versions] INFO  o.e.b.c.i.u.g.PublishedGradleVersions - Gradle version information cache is up-to-date. Trying to read.
2022-03-23 18:52:38,280 [ModalContext] INFO  o.e.m.c.i.e.AbstractTransferListenerAdapter - Downloaded https://repo.maven.apache.org/maven2/SpringHibernateWeb/SpringHibernateWeb/SpringHibernateWeb/SpringHibernateWeb-SpringHibernateWeb.pom
2022-03-23 18:52:38,308 [ModalContext] ERROR o.e.m.c.u.i.w.MavenProjectWizardArchetypePage - Can't resolve Archetype SpringHibernateWeb:SpringHibernateWeb:SpringHibernateWeb
org.eclipse.core.runtime.CoreException: Could not resolve artifact SpringHibernateWeb:SpringHibernateWeb:pom:SpringHibernateWeb
	at org.eclipse.m2e.core.internal.embedder.MavenImpl.lambda$4(MavenImpl.java:828)
	at org.eclipse.m2e.core.internal.embedder.MavenExecutionContext.executeBare(MavenExecutionContext.java:182)
	at org.eclipse.m2e.core.internal.embedder.MavenExecutionContext.execute(MavenExecutionContext.java:156)
	at org.eclipse.m2e.core.internal.embedder.MavenExecutionContext.execute(MavenExecutionContext.java:103)
	at org.eclipse.m2e.core.internal.embedder.MavenImpl.resolve(MavenImpl.java:796)
	at org.eclipse.m2e.core.internal.embedder.MavenImpl.resolve(MavenImpl.java:773)
	at org.eclipse.m2e.core.ui.internal.wizards.MavenProjectWizardArchetypePage.lambda$10(MavenProjectWizardArchetypePage.java:808)
	at org.eclipse.jface.operation.ModalContext$ModalContextThread.run(ModalContext.java:122)
2022-03-23 19:00:00,471 [ModalContext] ERROR o.e.m.c.u.i.w.MavenProjectWizardArchetypePage - Can't resolve Archetype SpringHibernateWeb:SpringHibernateWeb:SpringHibernateWeb
org.eclipse.core.runtime.CoreException: Could not resolve artifact SpringHibernateWeb:SpringHibernateWeb:pom:SpringHibernateWeb
	at org.eclipse.m2e.core.internal.embedder.MavenImpl.lambda$4(MavenImpl.java:828)
	at org.eclipse.m2e.core.internal.embedder.MavenExecutionContext.executeBare(MavenExecutionContext.java:182)
	at org.eclipse.m2e.core.internal.embedder.MavenExecutionContext.execute(MavenExecutionContext.java:156)
	at org.eclipse.m2e.core.internal.embedder.MavenExecutionContext.execute(MavenExecutionContext.java:103)
	at org.eclipse.m2e.core.internal.embedder.MavenImpl.resolve(MavenImpl.java:796)
	at org.eclipse.m2e.core.internal.embedder.MavenImpl.resolve(MavenImpl.java:773)
	at org.eclipse.m2e.core.ui.internal.wizards.MavenProjectWizardArchetypePage.lambda$10(MavenProjectWizardArchetypePage.java:808)
	at org.eclipse.jface.operation.ModalContext$ModalContextThread.run(ModalContext.java:122)
2022-03-23 19:04:00,954 [ModalContext] ERROR o.e.m.c.u.i.w.MavenProjectWizardArchetypePage - Can't resolve Archetype SpringHibernateWeb:SpringHibernateWeb:SpringHibernateWeb
org.eclipse.core.runtime.CoreException: Could not resolve artifact SpringHibernateWeb:SpringHibernateWeb:pom:SpringHibernateWeb
	at org.eclipse.m2e.core.internal.embedder.MavenImpl.lambda$4(MavenImpl.java:828)
	at org.eclipse.m2e.core.internal.embedder.MavenExecutionContext.executeBare(MavenExecutionContext.java:182)
	at org.eclipse.m2e.core.internal.embedder.MavenExecutionContext.execute(MavenExecutionContext.java:156)
	at org.eclipse.m2e.core.internal.embedder.MavenExecutionContext.execute(MavenExecutionContext.java:103)
	at org.eclipse.m2e.core.internal.embedder.MavenImpl.resolve(MavenImpl.java:796)
	at org.eclipse.m2e.core.internal.embedder.MavenImpl.resolve(MavenImpl.java:773)
	at org.eclipse.m2e.core.ui.internal.wizards.MavenProjectWizardArchetypePage.lambda$10(MavenProjectWizardArchetypePage.java:808)
	at org.eclipse.jface.operation.ModalContext$ModalContextThread.run(ModalContext.java:122)
2022-03-23 19:49:22,445 [Worker-195: Creating project "SpringHibernateWeb"] INFO  o.e.m.c.i.l.LifecycleMappingFactory - Using org.eclipse.m2e.jdt.JarLifecycleMapping lifecycle mapping for MavenProject: SpringHibernateWeb:SpringHibernateWeb:0.0.1-SNAPSHOT @ C:\Users\Hp\eclipse-workspace\SpringHibernateWeb\pom.xml.
2022-03-23 19:49:23,081 [Worker-195: Creating project "SpringHibernateWeb"] INFO  o.e.m.j.i.AbstractJavaProjectConfigurator - Adding source folder /SpringHibernateWeb/src/main/java
2022-03-23 19:49:23,082 [Worker-195: Creating project "SpringHibernateWeb"] INFO  o.e.m.j.i.AbstractJavaProjectConfigurator - Adding resource folder /SpringHibernateWeb/src/main/resources
2022-03-23 19:49:23,083 [Worker-195: Creating project "SpringHibernateWeb"] INFO  o.e.m.j.i.AbstractJavaProjectConfigurator - Adding source folder /SpringHibernateWeb/src/test/java
2022-03-23 19:49:23,084 [Worker-195: Creating project "SpringHibernateWeb"] INFO  o.e.m.j.i.AbstractJavaProjectConfigurator - Adding resource folder /SpringHibernateWeb/src/test/resources
2022-03-23 19:54:58,720 [Worker-198: Updating Maven Project] INFO  o.e.m.c.i.p.ProjectConfigurationManager - Update started
2022-03-23 19:54:59,364 [Worker-198: Updating Maven Project] INFO  o.e.m.c.i.l.LifecycleMappingFactory - Using org.eclipse.m2e.jdt.JarLifecycleMapping lifecycle mapping for MavenProject: SpringHibernateWeb:SpringHibernateWeb:0.0.1-SNAPSHOT @ C:\Users\Hp\eclipse-workspace\SpringHibernateWeb\pom.xml.
2022-03-23 19:54:59,522 [Worker-198: Updating Maven Project] INFO  o.e.m.j.i.AbstractJavaProjectConfigurator - Adding source folder /SpringHibernateWeb/src/main/java
2022-03-23 19:54:59,522 [Worker-198: Updating Maven Project] INFO  o.e.m.j.i.AbstractJavaProjectConfigurator - Adding resource folder /SpringHibernateWeb/src/main/resources
2022-03-23 19:54:59,523 [Worker-198: Updating Maven Project] INFO  o.e.m.j.i.AbstractJavaProjectConfigurator - Adding source folder /SpringHibernateWeb/src/test/java
2022-03-23 19:54:59,523 [Worker-198: Updating Maven Project] INFO  o.e.m.j.i.AbstractJavaProjectConfigurator - Adding resource folder /SpringHibernateWeb/src/test/resources
2022-03-23 19:54:59,719 [Worker-198: Updating Maven Project] INFO  o.e.m.c.i.p.ProjectConfigurationManager - Update completed: 0 sec
2022-03-24 06:10:01,154 [Worker-3: Loading available Gradle versions] INFO  o.e.b.c.i.u.g.PublishedGradleVersions - Gradle version information cache is out-of-date. Trying to update.
2022-03-24 10:01:27,728 [Worker-2: Loading available Gradle versions] INFO  o.e.b.c.i.u.g.PublishedGradleVersions - Gradle version information cache is up-to-date. Trying to read.
